[12Jun2025 00:00:01.094] [Netty Epoll Server IO #5/WARN] [com.connectivity.Connectivity/]: Packet:ServerboundAcceptTeleportationPacket  id 0 larger than expected error detected, printing packet and buffer. Stacktrace gets logged after this
[12Jun2025 00:00:01.096] [Netty Epoll Server IO #5/WARN] [com.connectivity.Connectivity/]: Packet data:
{
  "f_133785_": 73
}
[12Jun2025 00:00:01.097] [Netty Epoll Server IO #5/WARN] [com.connectivity.Connectivity/]: Packet:PooledUnsafeDirectByteBuf  id 0 data of 48 extra bytes: 
[12Jun2025 00:00:01.097] [Netty Epoll Server IO #5/WARN] [com.connectivity.Connectivity/]: Packet data:
[
  ".:ze,U-s%?2Qz352,#\"+:"
]
[12Jun2025 00:01:02.557] [Server thread/INFO] [com.teampotato.redirector.Redirector/]: Redirecting net/minecraft/world/level/levelgen/structure/StructureCheckResult
[12Jun2025 00:01:41.249] [Server thread/INFO] [com.github.sculkhorde.core.SculkHorde/]: Saving 0 events.
[12Jun2025 00:01:41.249] [Server thread/INFO] [com.github.sculkhorde.core.SculkHorde/]: Saved 0 events. Took 0 Milliseconds.
[12Jun2025 00:02:19.651] [Server thread/WARN] [net.minecraft.server.MinecraftServer/]: Can't keep up! Is the server overloaded? Running 2002ms or 40 ticks behind
[12Jun2025 00:02:41.098] [Server thread/WARN] [net.minecraft.server.MinecraftServer/]: Can't keep up! Is the server overloaded? Running 2049ms or 40 ticks behind
[12Jun2025 00:02:48.806] [Netty Epoll Server IO #6/WARN] [com.connectivity.Connectivity/]: Packet:ServerboundAcceptTeleportationPacket  id 0 larger than expected error detected, printing packet and buffer. Stacktrace gets logged after this
[12Jun2025 00:02:48.806] [Netty Epoll Server IO #6/WARN] [com.connectivity.Connectivity/]: Packet data:
{
  "f_133785_": 52
}
[12Jun2025 00:02:48.806] [Netty Epoll Server IO #6/WARN] [com.connectivity.Connectivity/]: Packet:PooledUnsafeDirectByteBuf  id 0 data of 94 extra bytes: 
[12Jun2025 00:02:48.806] [Netty Epoll Server IO #6/WARN] [com.connectivity.Connectivity/]: Packet data:
[
  "-nP#kpX&bqR0T512*p*yAF|=)w%n2aJ0"
]
[12Jun2025 00:02:57.462] [Netty Epoll Server IO #7/WARN] [com.connectivity.Connectivity/]: Packet:ServerboundAcceptTeleportationPacket  id 0 larger than expected error detected, printing packet and buffer. Stacktrace gets logged after this
[12Jun2025 00:02:57.463] [Netty Epoll Server IO #7/WARN] [com.connectivity.Connectivity/]: Packet data:
{
  "f_133785_": 52
}
[12Jun2025 00:02:57.463] [Netty Epoll Server IO #7/WARN] [com.connectivity.Connectivity/]: Packet:PooledUnsafeDirectByteBuf  id 0 data of 94 extra bytes: 
[12Jun2025 00:02:57.463] [Netty Epoll Server IO #7/WARN] [com.connectivity.Connectivity/]: Packet data:
[
  "-nP#kpX&bqR0T512*p*yAF|=)w%n2aJ0"
]
[12Jun2025 00:02:59.143] [Server thread/WARN] [net.minecraft.server.MinecraftServer/]: Can't keep up! Is the server overloaded? Running 3093ms or 61 ticks behind
[12Jun2025 00:03:18.816] [Server thread/WARN] [net.minecraft.server.MinecraftServer/]: Can't keep up! Is the server overloaded? Running 4716ms or 94 ticks behind
[12Jun2025 00:03:21.347] [Server thread/ERROR] [net.minecraft.world.entity.decoration.HangingEntity/]: Hanging entity at invalid position: BlockPos{x=35, y=-58, z=-32}
[12Jun2025 00:03:30.002] [Netty Epoll Server IO #1/WARN] [com.connectivity.Connectivity/]: Packet:ServerboundAcceptTeleportationPacket  id 0 larger than expected error detected, printing packet and buffer. Stacktrace gets logged after this
[12Jun2025 00:03:30.002] [Netty Epoll Server IO #1/WARN] [com.connectivity.Connectivity/]: Packet data:
{
  "f_133785_": 2669
}
[12Jun2025 00:03:30.002] [Netty Epoll Server IO #1/WARN] [com.connectivity.Connectivity/]: Packet:PooledUnsafeDirectByteBuf  id 0 data of 113 extra bytes: 
[12Jun2025 00:03:30.003] [Netty Epoll Server IO #1/WARN] [com.connectivity.Connectivity/]: Packet data:
[
  "w0Fjb~A}y0l1RMnM336MnVS #{]ufjhT]_VFopu-9_OrI0"
]
[12Jun2025 00:03:39.354] [Server thread/WARN] [net.minecraft.server.MinecraftServer/]: Can't keep up! Is the server overloaded? Running 5555ms or 111 ticks behind
[12Jun2025 00:03:57.437] [Server thread/WARN] [net.minecraft.server.MinecraftServer/]: Can't keep up! Is the server overloaded? Running 3087ms or 61 ticks behind
[12Jun2025 00:04:14.844] [Server thread/WARN] [net.minecraft.server.MinecraftServer/]: Can't keep up! Is the server overloaded? Running 2444ms or 48 ticks behind
[12Jun2025 00:04:32.612] [Server thread/WARN] [net.minecraft.server.MinecraftServer/]: Can't keep up! Is the server overloaded? Running 2813ms or 56 ticks behind
[12Jun2025 00:04:54.992] [Server thread/WARN] [net.minecraft.server.MinecraftServer/]: Can't keep up! Is the server overloaded? Running 7393ms or 147 ticks behind
[12Jun2025 00:05:11.200] [Netty Epoll Server IO #2/WARN] [com.connectivity.Connectivity/]: Packet:ServerboundAcceptTeleportationPacket  id 0 larger than expected error detected, printing packet and buffer. Stacktrace gets logged after this
[12Jun2025 00:05:11.200] [Netty Epoll Server IO #2/WARN] [com.connectivity.Connectivity/]: Packet data:
{
  "f_133785_": 84
}
[12Jun2025 00:05:11.201] [Netty Epoll Server IO #2/WARN] [com.connectivity.Connectivity/]: Packet:PooledUnsafeDirectByteBuf  id 0 data of 48 extra bytes: 
[12Jun2025 00:05:11.201] [Netty Epoll Server IO #2/WARN] [com.connectivity.Connectivity/]: Packet data:
[
  "@9(Lc@UQCjH46400<MdBh3"
]
[12Jun2025 00:05:14.641] [Server thread/WARN] [net.minecraft.server.MinecraftServer/]: Can't keep up! Is the server overloaded? Running 4692ms or 93 ticks behind
[12Jun2025 00:05:32.568] [Server thread/WARN] [net.minecraft.server.MinecraftServer/]: Can't keep up! Is the server overloaded? Running 2968ms or 59 ticks behind
[12Jun2025 00:05:51.236] [Server thread/WARN] [net.minecraft.server.MinecraftServer/]: Can't keep up! Is the server overloaded? Running 3686ms or 73 ticks behind
[12Jun2025 00:05:56.769] [Netty Epoll Server IO #4/WARN] [com.connectivity.Connectivity/]: Packet:ServerboundAcceptTeleportationPacket  id 0 larger than expected error detected, printing packet and buffer. Stacktrace gets logged after this
[12Jun2025 00:05:56.769] [Netty Epoll Server IO #4/WARN] [com.connectivity.Connectivity/]: Packet data:
{
  "f_133785_": 50
}
[12Jun2025 00:05:56.770] [Netty Epoll Server IO #4/WARN] [com.connectivity.Connectivity/]: Packet:PooledUnsafeDirectByteBuf  id 0 data of 116 extra bytes: 
[12Jun2025 00:05:56.770] [Netty Epoll Server IO #4/WARN] [com.connectivity.Connectivity/]: Packet data:
[
  "B{dC:i\\g%/!Zx\"@352c=kW~kncSQ+EK{]ufjhT]_VFopu-9_OrI0g"
]
[12Jun2025 00:05:56.770] [Netty Epoll Server IO #4/WARN] [com.connectivity.Connectivity/]: Packet:ServerboundContainerClosePacket  id 12 larger than expected error detected, printing packet and buffer. Stacktrace gets logged after this
[12Jun2025 00:05:56.770] [Netty Epoll Server IO #4/WARN] [com.connectivity.Connectivity/]: Packet data:
{
  "f_133967_": 66
}
[12Jun2025 00:05:56.770] [Netty Epoll Server IO #4/WARN] [com.connectivity.Connectivity/]: Packet:PooledUnsafeDirectByteBuf  id 12 data of 158 extra bytes: 
[12Jun2025 00:05:56.771] [Netty Epoll Server IO #4/WARN] [com.connectivity.Connectivity/]: Packet data:
[
  "{dC:i\\g%/!Zx\"@352c=kW~kncSQ+EK{]ufjhT]_VFopu-9_OrI0glQL)\\l|)~PnSL!r-"
]
[12Jun2025 00:06:11.565] [Server thread/WARN] [net.minecraft.server.MinecraftServer/]: Can't keep up! Is the server overloaded? Running 5366ms or 107 ticks behind
[12Jun2025 00:06:18.722] [Worker-Main-3/ERROR] [net.minecraft.world.entity.decoration.HangingEntity/]: Hanging entity at invalid position: BlockPos{x=757, y=-29, z=-261}
[12Jun2025 00:06:18.723] [Worker-Main-3/ERROR] [net.minecraft.world.entity.decoration.HangingEntity/]: Hanging entity at invalid position: BlockPos{x=755, y=-29, z=-257}
[12Jun2025 00:06:20.025] [Worker-Main-3/ERROR] [net.minecraft.world.entity.decoration.HangingEntity/]: Hanging entity at invalid position: BlockPos{x=747, y=-20, z=-258}
[12Jun2025 00:06:27.939] [Server thread/ERROR] [net.minecraft.world.entity.decoration.HangingEntity/]: Hanging entity at invalid position: BlockPos{x=-71, y=-48, z=-26}
[12Jun2025 00:06:32.541] [Server thread/WARN] [net.minecraft.server.MinecraftServer/]: Can't keep up! Is the server overloaded? Running 5992ms or 119 ticks behind
[12Jun2025 00:06:53.024] [Server thread/WARN] [net.minecraft.server.MinecraftServer/]: Can't keep up! Is the server overloaded? Running 5524ms or 110 ticks behind
[12Jun2025 00:07:07.468] [Worker-Main-1/ERROR] [net.minecraft.world.entity.decoration.HangingEntity/]: Hanging entity at invalid position: BlockPos{x=49, y=-48, z=-413}
[12Jun2025 00:07:07.469] [Worker-Main-1/ERROR] [net.minecraft.world.entity.decoration.HangingEntity/]: Hanging entity at invalid position: BlockPos{x=49, y=-48, z=-415}
[12Jun2025 00:07:13.644] [Server thread/WARN] [net.minecraft.server.MinecraftServer/]: Can't keep up! Is the server overloaded? Running 5644ms or 112 ticks behind
[12Jun2025 00:07:33.572] [Server thread/WARN] [net.minecraft.server.MinecraftServer/]: Can't keep up! Is the server overloaded? Running 4972ms or 99 ticks behind
[12Jun2025 00:07:50.987] [Server thread/WARN] [net.minecraft.server.MinecraftServer/]: Can't keep up! Is the server overloaded? Running 2437ms or 48 ticks behind
[12Jun2025 00:07:55.193] [Server thread/INFO] [com.github.sculkhorde.core.SculkHorde/]: Saving 0 events.
[12Jun2025 00:07:55.193] [Server thread/INFO] [com.github.sculkhorde.core.SculkHorde/]: Saved 0 events. Took 0 Milliseconds.
[12Jun2025 00:08:11.752] [Server thread/WARN] [net.minecraft.server.MinecraftServer/]: Can't keep up! Is the server overloaded? Running 2002ms or 40 ticks behind
[12Jun2025 00:08:31.913] [Server thread/ERROR] [net.minecraft.world.entity.decoration.HangingEntity/]: Hanging entity at invalid position: BlockPos{x=-71, y=-48, z=-26}
[12Jun2025 00:08:34.720] [Server thread/WARN] [net.minecraft.server.MinecraftServer/]: Can't keep up! Is the server overloaded? Running 7971ms or 159 ticks behind
[12Jun2025 00:08:51.368] [Netty Epoll Server IO #6/WARN] [com.connectivity.Connectivity/]: Packet:ServerboundAcceptTeleportationPacket  id 0 larger than expected error detected, printing packet and buffer. Stacktrace gets logged after this
[12Jun2025 00:08:51.368] [Netty Epoll Server IO #6/WARN] [com.connectivity.Connectivity/]: Packet data:
{
  "f_133785_": 121249728
}
[12Jun2025 00:08:51.369] [Netty Epoll Server IO #6/WARN] [com.connectivity.Connectivity/]: Packet:PooledUnsafeDirectByteBuf  id 0 data of 45 extra bytes: 
[12Jun2025 00:08:51.369] [Netty Epoll Server IO #6/WARN] [com.connectivity.Connectivity/]: Packet data:
[
  "X8p;oQCr336W<!w"
]
[12Jun2025 00:09:05.051] [Server thread/WARN] [net.minecraft.server.MinecraftServer/]: Can't keep up! Is the server overloaded? Running 2002ms or 40 ticks behind
[12Jun2025 00:09:22.077] [Server thread/WARN] [net.minecraft.server.MinecraftServer/]: Can't keep up! Is the server overloaded? Running 2027ms or 40 ticks behind
[12Jun2025 00:09:33.481] [Server thread/ERROR] [net.minecraft.world.entity.decoration.HangingEntity/]: Hanging entity at invalid position: BlockPos{x=35, y=-58, z=-32}
[12Jun2025 00:09:39.306] [Server thread/WARN] [net.minecraft.server.MinecraftServer/]: Can't keep up! Is the server overloaded? Running 2257ms or 45 ticks behind
[12Jun2025 00:09:59.511] [Server thread/ERROR] [net.minecraft.world.entity.decoration.HangingEntity/]: Hanging entity at invalid position: BlockPos{x=35, y=-58, z=-32}
[12Jun2025 00:09:59.981] [Server thread/WARN] [net.minecraft.server.MinecraftServer/]: Can't keep up! Is the server overloaded? Running 5682ms or 113 ticks behind
[12Jun2025 00:10:09.779] [Worker-Main-2/WARN] [net.minecraft.world.entity.EntityType/]: Skipping Entity with id 
[12Jun2025 00:10:20.621] [Server thread/WARN] [net.minecraft.server.MinecraftServer/]: Can't keep up! Is the server overloaded? Running 5671ms or 113 ticks behind
[12Jun2025 00:10:39.356] [Server thread/WARN] [net.minecraft.server.MinecraftServer/]: Can't keep up! Is the server overloaded? Running 3757ms or 75 ticks behind
[12Jun2025 00:10:59.448] [Server thread/ERROR] [net.minecraft.world.entity.decoration.HangingEntity/]: Hanging entity at invalid position: BlockPos{x=46, y=-58, z=-81}
[12Jun2025 00:10:59.449] [Server thread/ERROR] [net.minecraft.world.entity.decoration.HangingEntity/]: Hanging entity at invalid position: BlockPos{x=45, y=-57, z=-79}
[12Jun2025 00:10:59.449] [Server thread/ERROR] [net.minecraft.world.entity.decoration.HangingEntity/]: Hanging entity at invalid position: BlockPos{x=47, y=-58, z=-78}
[12Jun2025 00:10:59.896] [Server thread/WARN] [net.minecraft.server.MinecraftServer/]: Can't keep up! Is the server overloaded? Running 5546ms or 110 ticks behind
[12Jun2025 00:11:02.405] [Worker-Main-3/ERROR] [net.minecraft.world.entity.decoration.HangingEntity/]: Hanging entity at invalid position: BlockPos{x=-6, y=-28, z=-8}
[12Jun2025 00:11:02.415] [Worker-Main-3/ERROR] [net.minecraft.world.entity.decoration.HangingEntity/]: Hanging entity at invalid position: BlockPos{x=-4, y=-27, z=-12}
[12Jun2025 00:11:03.848] [Server thread/ERROR] [net.minecraft.world.entity.decoration.HangingEntity/]: Hanging entity at invalid position: BlockPos{x=46, y=-58, z=-81}
[12Jun2025 00:11:03.848] [Server thread/ERROR] [net.minecraft.world.entity.decoration.HangingEntity/]: Hanging entity at invalid position: BlockPos{x=45, y=-57, z=-79}
[12Jun2025 00:11:03.849] [Server thread/ERROR] [net.minecraft.world.entity.decoration.HangingEntity/]: Hanging entity at invalid position: BlockPos{x=47, y=-58, z=-78}
[12Jun2025 00:11:04.929] [Worker-Main-2/ERROR] [net.minecraft.world.entity.decoration.HangingEntity/]: Hanging entity at invalid position: BlockPos{x=12, y=-28, z=3}
[12Jun2025 00:11:04.930] [Worker-Main-2/ERROR] [net.minecraft.world.entity.decoration.HangingEntity/]: Hanging entity at invalid position: BlockPos{x=8, y=-28, z=3}
[12Jun2025 00:11:07.117] [Server thread/INFO] [com.teampotato.redirector.Redirector/]: Redirecting com/github/alexthe666/citadel/server/entity/pathfinding/raycoms/PathFindingStatus
[12Jun2025 00:11:07.118] [Server thread/INFO] [com.teampotato.redirector.Redirector/]: Redirecting com/github/alexthe666/citadel/server/entity/pathfinding/raycoms/AbstractAdvancedPathNavigate$RestrictionType
[12Jun2025 00:11:07.122] [Citadel Pathfinding Worker #0/INFO] [com.teampotato.redirector.Redirector/]: Redirecting com/github/alexthe666/citadel/server/entity/pathfinding/raycoms/SurfaceType
[12Jun2025 00:11:21.517] [Server thread/WARN] [net.minecraft.server.MinecraftServer/]: Can't keep up! Is the server overloaded? Running 6667ms or 133 ticks behind
[12Jun2025 00:11:32.463] [Server thread/ERROR] [net.minecraft.world.entity.decoration.HangingEntity/]: Hanging entity at invalid position: BlockPos{x=-71, y=-48, z=-26}
[12Jun2025 00:11:34.971] [Worker-Main-2/ERROR] [net.minecraft.world.entity.decoration.HangingEntity/]: Hanging entity at invalid position: BlockPos{x=-33, y=-52, z=-356}
[12Jun2025 00:11:34.972] [Worker-Main-2/ERROR] [net.minecraft.world.entity.decoration.HangingEntity/]: Hanging entity at invalid position: BlockPos{x=-39, y=-51, z=-358}
[12Jun2025 00:11:34.972] [Worker-Main-2/ERROR] [net.minecraft.world.entity.decoration.HangingEntity/]: Hanging entity at invalid position: BlockPos{x=-39, y=-51, z=-356}
[12Jun2025 00:11:34.972] [Worker-Main-2/ERROR] [net.minecraft.world.entity.decoration.HangingEntity/]: Hanging entity at invalid position: BlockPos{x=-35, y=-51, z=-362}
[12Jun2025 00:11:34.972] [Worker-Main-2/ERROR] [net.minecraft.world.entity.decoration.HangingEntity/]: Hanging entity at invalid position: BlockPos{x=-36, y=-56, z=-356}
[12Jun2025 00:11:37.217] [Worker-Main-1/ERROR] [net.minecraft.world.entity.decoration.HangingEntity/]: Hanging entity at invalid position: BlockPos{x=-27, y=-51, z=-356}
[12Jun2025 00:11:37.217] [Worker-Main-1/ERROR] [net.minecraft.world.entity.decoration.HangingEntity/]: Hanging entity at invalid position: BlockPos{x=-26, y=-57, z=-359}
[12Jun2025 00:11:43.586] [Server thread/WARN] [net.minecraft.server.MinecraftServer/]: Can't keep up! Is the server overloaded? Running 7086ms or 141 ticks behind
[12Jun2025 00:11:51.930] [Netty Epoll Server IO #0/WARN] [com.connectivity.Connectivity/]: Packet:ServerboundAcceptTeleportationPacket  id 0 larger than expected error detected, printing packet and buffer. Stacktrace gets logged after this
[12Jun2025 00:11:51.930] [Netty Epoll Server IO #0/WARN] [com.connectivity.Connectivity/]: Packet data:
{
  "f_133785_": 2017732086
}
[12Jun2025 00:11:51.930] [Netty Epoll Server IO #0/WARN] [com.connectivity.Connectivity/]: Packet:PooledUnsafeDirectByteBuf  id 0 data of 79 extra bytes: 
[12Jun2025 00:11:51.930] [Netty Epoll Server IO #0/WARN] [com.connectivity.Connectivity/]: Packet data:
[
  "Ei !QfLi(&v[3522}sDU\\v#lhSz{]ufjhT"
]
[12Jun2025 00:12:03.593] [Server thread/WARN] [net.minecraft.server.MinecraftServer/]: Can't keep up! Is the server overloaded? Running 5043ms or 100 ticks behind
[12Jun2025 00:12:06.074] [Netty Epoll Server IO #1/WARN] [com.connectivity.Connectivity/]: Packet:ServerboundAcceptTeleportationPacket  id 0 larger than expected error detected, printing packet and buffer. Stacktrace gets logged after this
[12Jun2025 00:12:06.074] [Netty Epoll Server IO #1/WARN] [com.connectivity.Connectivity/]: Packet data:
{
  "f_133785_": 7673
}
[12Jun2025 00:12:06.075] [Netty Epoll Server IO #1/WARN] [com.connectivity.Connectivity/]: Packet:PooledUnsafeDirectByteBuf  id 0 data of 47 extra bytes: 
[12Jun2025 00:12:06.075] [Netty Epoll Server IO #1/WARN] [com.connectivity.Connectivity/]: Packet data:
[
  ")M{n(^'_idg6464HYQ~"
]
[12Jun2025 00:12:11.558] [Worker-Main-3/INFO] [com.teampotato.redirector.Redirector/]: Redirecting xiroc/dungeoncrawl/dungeon/Tile$Flag
[12Jun2025 00:12:24.390] [Server thread/WARN] [net.minecraft.server.MinecraftServer/]: Can't keep up! Is the server overloaded? Running 5841ms or 116 ticks behind
[12Jun2025 00:13:57.543] [Server thread/INFO] [com.github.sculkhorde.core.SculkHorde/]: Saving 0 events.
[12Jun2025 00:13:57.544] [Server thread/INFO] [com.github.sculkhorde.core.SculkHorde/]: Saved 0 events. Took 0 Milliseconds.
[12Jun2025 00:14:02.961] [Server thread/WARN] [net.minecraft.server.MinecraftServer/]: Can't keep up! Is the server overloaded? Running 2012ms or 40 ticks behind
[12Jun2025 00:14:12.430] [Netty Epoll Server IO #3/WARN] [com.connectivity.Connectivity/]: Packet:ServerboundAcceptTeleportationPacket  id 0 larger than expected error detected, printing packet and buffer. Stacktrace gets logged after this
[12Jun2025 00:14:12.431] [Netty Epoll Server IO #3/WARN] [com.connectivity.Connectivity/]: Packet data:
{
  "f_133785_": 28903234
}
[12Jun2025 00:14:12.431] [Netty Epoll Server IO #3/WARN] [com.connectivity.Connectivity/]: Packet:PooledUnsafeDirectByteBuf  id 0 data of 45 extra bytes: 
[12Jun2025 00:14:12.431] [Netty Epoll Server IO #3/WARN] [com.connectivity.Connectivity/]: Packet data:
[
  "8slj8)Xa2(F336y9cQn<("
]
[12Jun2025 00:14:25.793] [Server thread/INFO] [net.minecraft.world.entity.LivingEntity/]: Named entity Pillager['Pelgrim the Sharpshooter'/78165, l='ServerLevel[world]', x=4407.56, y=69.00, z=2232.82] died: Pelgrim the Sharpshooter was slain by Shuwii
[12Jun2025 00:14:43.215] [Server thread/WARN] [net.minecraft.server.MinecraftServer/]: Can't keep up! Is the server overloaded? Running 2015ms or 40 ticks behind
[12Jun2025 00:14:54.816] [Server thread/ERROR] [net.minecraft.world.entity.decoration.HangingEntity/]: Hanging entity at invalid position: BlockPos{x=-71, y=-48, z=-26}
